<?xml version="1.0" encoding="UTF-8"?><testsuite errors="1" failures="0" name=": Login Sigpos" skipped="0" tests="1" time="51.67" timestamp="2025-12-16 02:01:45"><testcase name=": Usuario tratando de iniciar sesión con credenciales válidas"><error message="Could not instantiate class net.thucydides.core.webdriver.ProvidedDriver" type="net.thucydides.core.webdriver.DriverConfigurationError">Could not instantiate class net.thucydides.core.webdriver.ProvidedDriver</error><system-err>Could not instantiate class net.thucydides.core.webdriver.ProvidedDriver&#13;
tasks.Login.performAs(Login.java:28)&#13;
stepdefinitions.LoginStepDefinitions.elUsuarioIngresaCredencialesValidas(LoginStepDefinitions.java:33)&#13;
io.cucumber.java.Invoker.doInvoke(Invoker.java:66)&#13;
io.cucumber.java.Invoker.invoke(Invoker.java:24)&#13;
io.cucumber.java.AbstractGlueDefinition.invokeMethod(AbstractGlueDefinition.java:47)&#13;
io.cucumber.java.JavaStepDefinition.execute(JavaStepDefinition.java:29)&#13;
io.cucumber.core.runner.CoreStepDefinition.execute(CoreStepDefinition.java:66)&#13;
io.cucumber.core.runner.PickleStepDefinitionMatch.runStep(PickleStepDefinitionMatch.java:63)&#13;
io.cucumber.core.runner.TestStep.executeStep(TestStep.java:92)&#13;
io.cucumber.core.runner.TestStep.run(TestStep.java:64)&#13;
io.cucumber.core.runner.PickleStepTestStep.run(PickleStepTestStep.java:51)&#13;
io.cucumber.core.runner.TestCase.run(TestCase.java:104)&#13;
io.cucumber.core.runner.Runner.runPickle(Runner.java:73)&#13;
io.cucumber.junit.FeatureRunner.runChild(FeatureRunner.java:135)&#13;
io.cucumber.junit.FeatureRunner.runChild(FeatureRunner.java:27)&#13;
io.cucumber.junit.CucumberSerenityRunner.runChild(CucumberSerenityRunner.java:259)&#13;
io.cucumber.junit.CucumberSerenityRunner.runChild(CucumberSerenityRunner.java:58)&#13;
worker.org.gradle.process.internal.worker.GradleWorkerMain.run(GradleWorkerMain.java:69)&#13;
worker.org.gradle.process.internal.worker.GradleWorkerMain.main(GradleWorkerMain.java:74)&#13;
</system-err></testcase></testsuite>